<?xml version="1.0" encoding="UTF-8"?>
<testng-results skipped="0" failed="0" ignored="0" total="1" passed="1">
  <reporter-output>
  </reporter-output>
  <suite name="Default suite" duration-ms="1507" started-at="2018-02-14T10:09:35Z" finished-at="2018-02-14T10:09:37Z">
    <groups>
    </groups>
    <test name="Default test" duration-ms="1507" started-at="2018-02-14T10:09:35Z" finished-at="2018-02-14T10:09:37Z">
      <class name="com.ad.learnra.PostRequestWithPOJO">
        <test-method status="PASS" signature="beforeClass()[pri:0, instance:com.ad.learnra.PostRequestWithPOJO@5025a98f]" name="beforeClass" is-config="true" duration-ms="271" started-at="2018-02-14T15:39:35Z" finished-at="2018-02-14T15:39:35Z">
          <reporter-output>
          </reporter-output>
        </test-method> <!-- beforeClass -->
        <test-method status="PASS" signature="VerifyStatusCode()[pri:0, instance:com.ad.learnra.PostRequestWithPOJO@5025a98f]" name="VerifyStatusCode" duration-ms="1220" started-at="2018-02-14T15:39:35Z" finished-at="2018-02-14T15:39:37Z">
          <reporter-output>
          </reporter-output>
        </test-method> <!-- VerifyStatusCode -->
      </class> <!-- com.ad.learnra.PostRequestWithPOJO -->
    </test> <!-- Default test -->
  </suite> <!-- Default suite -->
</testng-results>
